  stdafx.cpp
  encryptFile.cpp
f:\fall 2016\cmps 285\blackdrive\cmps 285\encryptfile.cpp(70): warning C4018: '<': signed/unsigned mismatch
f:\fall 2016\cmps 285\blackdrive\cmps 285\encryptfile.cpp(98): warning C4018: '<': signed/unsigned mismatch
f:\fall 2016\cmps 285\blackdrive\cmps 285\encryptfile.cpp(197): warning C4018: '<': signed/unsigned mismatch
f:\fall 2016\cmps 285\blackdrive\cmps 285\encryptfile.cpp(229): warning C4018: '<': signed/unsigned mismatch
  decryptFile.cpp
f:\fall 2016\cmps 285\blackdrive\cmps 285\decryptfile.cpp(86): warning C4242: 'argument': conversion from 'unsigned int' to 'char', possible loss of data
f:\fall 2016\cmps 285\blackdrive\cmps 285\decryptfile.cpp(74): warning C4101: 'a': unreferenced local variable
f:\fall 2016\cmps 285\blackdrive\cmps 285\decryptfile.cpp(146): warning C4101: 'a': unreferenced local variable
  CMPS 285.cpp
  Generating Code...
  cryptlib.lib(cryptlib.obj) : MSIL .netmodule or module compiled with /GL found; restarting link with /LTCG; add /LTCG to the link command line to improve linker performance
LINK : warning LNK4075: ignoring '/INCREMENTAL' due to '/LTCG' specification
CMPS 285.obj : warning LNK4075: ignoring '/EDITANDCONTINUE' due to '/OPT:LBR' specification
     Creating library F:\Fall 2016\CMPS 285\BlackDrive\Debug\CMPS 285.lib and object F:\Fall 2016\CMPS 285\BlackDrive\Debug\CMPS 285.exp
  Generating code
  Finished generating code
cryptlib.lib(cryptlib.obj) : warning LNK4099: PDB 'vc140.pdb' was not found with 'cryptlib.lib(cryptlib.obj)' or at 'F:\Fall 2016\CMPS 285\BlackDrive\Debug\vc140.pdb'; linking object as if no debug info
cryptlib.lib(misc.obj) : warning LNK4099: PDB 'vc140.pdb' was not found with 'cryptlib.lib(misc.obj)' or at 'F:\Fall 2016\CMPS 285\BlackDrive\Debug\vc140.pdb'; linking object as if no debug info
cryptlib.lib(filters.obj) : warning LNK4099: PDB 'vc140.pdb' was not found with 'cryptlib.lib(filters.obj)' or at 'F:\Fall 2016\CMPS 285\BlackDrive\Debug\vc140.pdb'; linking object as if no debug info
cryptlib.lib(algparam.obj) : warning LNK4099: PDB 'vc140.pdb' was not found with 'cryptlib.lib(algparam.obj)' or at 'F:\Fall 2016\CMPS 285\BlackDrive\Debug\vc140.pdb'; linking object as if no debug info
cryptlib.lib(rijndael.obj) : warning LNK4099: PDB 'vc140.pdb' was not found with 'cryptlib.lib(rijndael.obj)' or at 'F:\Fall 2016\CMPS 285\BlackDrive\Debug\vc140.pdb'; linking object as if no debug info
cryptlib.lib(basecode.obj) : warning LNK4099: PDB 'vc140.pdb' was not found with 'cryptlib.lib(basecode.obj)' or at 'F:\Fall 2016\CMPS 285\BlackDrive\Debug\vc140.pdb'; linking object as if no debug info
cryptlib.lib(hex.obj) : warning LNK4099: PDB 'vc140.pdb' was not found with 'cryptlib.lib(hex.obj)' or at 'F:\Fall 2016\CMPS 285\BlackDrive\Debug\vc140.pdb'; linking object as if no debug info
cryptlib.lib(modes.obj) : warning LNK4099: PDB 'vc140.pdb' was not found with 'cryptlib.lib(modes.obj)' or at 'F:\Fall 2016\CMPS 285\BlackDrive\Debug\vc140.pdb'; linking object as if no debug info
cryptlib.lib(pch.obj) : warning LNK4099: PDB 'vc140.pdb' was not found with 'cryptlib.lib(pch.obj)' or at 'F:\Fall 2016\CMPS 285\BlackDrive\Debug\vc140.pdb'; linking object as if no debug info
cryptlib.lib(queue.obj) : warning LNK4099: PDB 'vc140.pdb' was not found with 'cryptlib.lib(queue.obj)' or at 'F:\Fall 2016\CMPS 285\BlackDrive\Debug\vc140.pdb'; linking object as if no debug info
cryptlib.lib(fips140.obj) : warning LNK4099: PDB 'vc140.pdb' was not found with 'cryptlib.lib(fips140.obj)' or at 'F:\Fall 2016\CMPS 285\BlackDrive\Debug\vc140.pdb'; linking object as if no debug info
cryptlib.lib(integer.obj) : warning LNK4099: PDB 'vc140.pdb' was not found with 'cryptlib.lib(integer.obj)' or at 'F:\Fall 2016\CMPS 285\BlackDrive\Debug\vc140.pdb'; linking object as if no debug info
cryptlib.lib(mqueue.obj) : warning LNK4099: PDB 'vc140.pdb' was not found with 'cryptlib.lib(mqueue.obj)' or at 'F:\Fall 2016\CMPS 285\BlackDrive\Debug\vc140.pdb'; linking object as if no debug info
cryptlib.lib(cpu.obj) : warning LNK4099: PDB 'vc140.pdb' was not found with 'cryptlib.lib(cpu.obj)' or at 'F:\Fall 2016\CMPS 285\BlackDrive\Debug\vc140.pdb'; linking object as if no debug info
cryptlib.lib(rdtables.obj) : warning LNK4099: PDB 'vc140.pdb' was not found with 'cryptlib.lib(rdtables.obj)' or at 'F:\Fall 2016\CMPS 285\BlackDrive\Debug\vc140.pdb'; linking object as if no debug info
cryptlib.lib(dll.obj) : warning LNK4099: PDB 'vc140.pdb' was not found with 'cryptlib.lib(dll.obj)' or at 'F:\Fall 2016\CMPS 285\BlackDrive\Debug\vc140.pdb'; linking object as if no debug info
cryptlib.lib(des.obj) : warning LNK4099: PDB 'vc140.pdb' was not found with 'cryptlib.lib(des.obj)' or at 'F:\Fall 2016\CMPS 285\BlackDrive\Debug\vc140.pdb'; linking object as if no debug info
cryptlib.lib(asn.obj) : warning LNK4099: PDB 'vc140.pdb' was not found with 'cryptlib.lib(asn.obj)' or at 'F:\Fall 2016\CMPS 285\BlackDrive\Debug\vc140.pdb'; linking object as if no debug info
cryptlib.lib(pubkey.obj) : warning LNK4099: PDB 'vc140.pdb' was not found with 'cryptlib.lib(pubkey.obj)' or at 'F:\Fall 2016\CMPS 285\BlackDrive\Debug\vc140.pdb'; linking object as if no debug info
cryptlib.lib(nbtheory.obj) : warning LNK4099: PDB 'vc140.pdb' was not found with 'cryptlib.lib(nbtheory.obj)' or at 'F:\Fall 2016\CMPS 285\BlackDrive\Debug\vc140.pdb'; linking object as if no debug info
cryptlib.lib(sha.obj) : warning LNK4099: PDB 'vc140.pdb' was not found with 'cryptlib.lib(sha.obj)' or at 'F:\Fall 2016\CMPS 285\BlackDrive\Debug\vc140.pdb'; linking object as if no debug info
cryptlib.lib(iterhash.obj) : warning LNK4099: PDB 'vc140.pdb' was not found with 'cryptlib.lib(iterhash.obj)' or at 'F:\Fall 2016\CMPS 285\BlackDrive\Debug\vc140.pdb'; linking object as if no debug info
cryptlib.lib(ecp.obj) : warning LNK4099: PDB 'vc140.pdb' was not found with 'cryptlib.lib(ecp.obj)' or at 'F:\Fall 2016\CMPS 285\BlackDrive\Debug\vc140.pdb'; linking object as if no debug info
cryptlib.lib(gfpcrypt.obj) : warning LNK4099: PDB 'vc140.pdb' was not found with 'cryptlib.lib(gfpcrypt.obj)' or at 'F:\Fall 2016\CMPS 285\BlackDrive\Debug\vc140.pdb'; linking object as if no debug info
cryptlib.lib(ec2n.obj) : warning LNK4099: PDB 'vc140.pdb' was not found with 'cryptlib.lib(ec2n.obj)' or at 'F:\Fall 2016\CMPS 285\BlackDrive\Debug\vc140.pdb'; linking object as if no debug info
cryptlib.lib(gf2n.obj) : warning LNK4099: PDB 'vc140.pdb' was not found with 'cryptlib.lib(gf2n.obj)' or at 'F:\Fall 2016\CMPS 285\BlackDrive\Debug\vc140.pdb'; linking object as if no debug info
cryptlib.lib(rng.obj) : warning LNK4099: PDB 'vc140.pdb' was not found with 'cryptlib.lib(rng.obj)' or at 'F:\Fall 2016\CMPS 285\BlackDrive\Debug\vc140.pdb'; linking object as if no debug info
cryptlib.lib(osrng.obj) : warning LNK4099: PDB 'vc140.pdb' was not found with 'cryptlib.lib(osrng.obj)' or at 'F:\Fall 2016\CMPS 285\BlackDrive\Debug\vc140.pdb'; linking object as if no debug info
cryptlib.lib(dessp.obj) : warning LNK4099: PDB 'vc140.pdb' was not found with 'cryptlib.lib(dessp.obj)' or at 'F:\Fall 2016\CMPS 285\BlackDrive\Debug\vc140.pdb'; linking object as if no debug info
cryptlib.lib(hmac.obj) : warning LNK4099: PDB 'vc140.pdb' was not found with 'cryptlib.lib(hmac.obj)' or at 'F:\Fall 2016\CMPS 285\BlackDrive\Debug\vc140.pdb'; linking object as if no debug info
cryptlib.lib(randpool.obj) : warning LNK4099: PDB 'vc140.pdb' was not found with 'cryptlib.lib(randpool.obj)' or at 'F:\Fall 2016\CMPS 285\BlackDrive\Debug\vc140.pdb'; linking object as if no debug info
cryptlib.lib(hrtimer.obj) : warning LNK4099: PDB 'vc140.pdb' was not found with 'cryptlib.lib(hrtimer.obj)' or at 'F:\Fall 2016\CMPS 285\BlackDrive\Debug\vc140.pdb'; linking object as if no debug info
  CMPS 285.vcxproj -> F:\Fall 2016\CMPS 285\BlackDrive\Debug\CMPS 285.exe
  CMPS 285.vcxproj -> F:\Fall 2016\CMPS 285\BlackDrive\Debug\CMPS 285.pdb (Full PDB)
